2025-08-06 15:01:11,800 - INFO - Database initialized successfully
2025-08-06 15:01:11,865 - INFO - All scrapers initialized successfully
2025-08-06 15:02:01,113 - INFO - Starting to scrape location: Agra with sources: ['justdial', 'indiamart', 'yellowpages', 'googlemaps']
2025-08-06 15:02:01,113 - INFO - Scraping from justdial...
2025-08-06 15:02:01,119 - INFO - Scraping JustDial for 'restaurants' in Agra
2025-08-06 15:02:02,503 - INFO - Extracted 0 businesses from JustDial
2025-08-06 15:02:04,867 - INFO - Scraping JustDial for 'shops' in Agra
2025-08-06 15:02:06,348 - INFO - Extracted 0 businesses from JustDial
2025-08-06 15:02:09,193 - INFO - Scraping JustDial for 'services' in Agra
2025-08-06 15:02:10,753 - INFO - Extracted 0 businesses from JustDial
2025-08-06 15:02:13,875 - INFO - Scraping JustDial for 'doctors' in Agra
2025-08-06 15:02:15,155 - INFO - Extracted 0 businesses from JustDial
2025-08-06 15:02:17,386 - INFO - Scraping JustDial for 'hotels' in Agra
2025-08-06 15:02:19,052 - INFO - Extracted 0 businesses from JustDial
2025-08-06 15:02:21,940 - INFO - Scraping JustDial for 'automobile' in Agra
2025-08-06 15:02:23,499 - INFO - Extracted 0 businesses from JustDial
2025-08-06 15:02:26,664 - INFO - Scraping JustDial for 'education' in Agra
2025-08-06 15:02:28,074 - INFO - Extracted 0 businesses from JustDial
2025-08-06 15:02:31,370 - INFO - Scraping JustDial for 'real estate' in Agra
2025-08-06 15:02:33,081 - INFO - Extracted 0 businesses from JustDial
2025-08-06 15:02:35,266 - INFO - Scraping JustDial for 'travel' in Agra
2025-08-06 15:02:36,783 - INFO - Extracted 0 businesses from JustDial
2025-08-06 15:02:39,624 - WARNING - No businesses found from justdial
2025-08-06 15:02:42,018 - INFO - Scraping from indiamart...
2025-08-06 15:02:42,023 - INFO - Scraping IndiaMART for 'manufacturers' in Agra
2025-08-06 15:02:42,306 - WARNING - IndiaMART returned status 404
2025-08-06 15:02:45,615 - INFO - Scraping IndiaMART for 'suppliers' in Agra
2025-08-06 15:02:45,979 - WARNING - IndiaMART returned status 404
2025-08-06 15:02:49,065 - INFO - Scraping IndiaMART for 'exporters' in Agra
2025-08-06 15:02:49,381 - WARNING - IndiaMART returned status 404
2025-08-06 15:02:53,118 - INFO - Scraping IndiaMART for 'traders' in Agra
2025-08-06 15:02:53,488 - WARNING - IndiaMART returned status 404
2025-08-06 15:02:56,627 - INFO - Scraping IndiaMART for 'wholesalers' in Agra
2025-08-06 15:02:56,994 - WARNING - IndiaMART returned status 404
2025-08-06 15:03:00,190 - INFO - Scraping IndiaMART for 'distributors' in Agra
2025-08-06 15:03:00,502 - WARNING - IndiaMART returned status 404
2025-08-06 15:03:02,899 - INFO - Scraping IndiaMART for 'services' in Agra
2025-08-06 15:03:03,223 - WARNING - IndiaMART returned status 404
2025-08-06 15:03:06,432 - WARNING - No businesses found from indiamart
2025-08-06 15:03:11,108 - INFO - Scraping from yellowpages...
2025-08-06 15:03:11,114 - INFO - Scraping Yellow Pages for 'business' in Agra
2025-08-06 15:03:12,304 - ERROR - Error scraping Yellow Pages page: Cannot connect to host www.yellowpages.in:443 ssl:True [SSLCertVerificationError: (1, "[SSL: CERTIFICATE_VERIFY_FAILED] certificate verify failed: Hostname mismatch, certificate is not valid for 'www.yellowpages.in'. (_ssl.c:1018)")]
2025-08-06 15:03:12,600 - INFO - Database initialized successfully
2025-08-06 15:03:12,649 - INFO - All scrapers initialized successfully
2025-08-06 15:03:14,925 - INFO - Scraping Yellow Pages for 'services' in Agra
2025-08-06 15:03:15,835 - ERROR - Error scraping Yellow Pages page: Cannot connect to host www.yellowpages.in:443 ssl:True [SSLCertVerificationError: (1, "[SSL: CERTIFICATE_VERIFY_FAILED] certificate verify failed: Hostname mismatch, certificate is not valid for 'www.yellowpages.in'. (_ssl.c:1018)")]
2025-08-06 15:03:19,192 - INFO - Scraping Yellow Pages for 'shops' in Agra
2025-08-06 15:03:20,168 - ERROR - Error scraping Yellow Pages page: Cannot connect to host www.yellowpages.in:443 ssl:True [SSLCertVerificationError: (1, "[SSL: CERTIFICATE_VERIFY_FAILED] certificate verify failed: Hostname mismatch, certificate is not valid for 'www.yellowpages.in'. (_ssl.c:1018)")]
2025-08-06 15:03:22,992 - INFO - Scraping Yellow Pages for 'companies' in Agra
2025-08-06 15:03:23,980 - ERROR - Error scraping Yellow Pages page: Cannot connect to host www.yellowpages.in:443 ssl:True [SSLCertVerificationError: (1, "[SSL: CERTIFICATE_VERIFY_FAILED] certificate verify failed: Hostname mismatch, certificate is not valid for 'www.yellowpages.in'. (_ssl.c:1018)")]
2025-08-06 15:03:26,670 - WARNING - No businesses found from yellowpages
2025-08-06 15:03:30,990 - INFO - Scraping from googlemaps...
2025-08-06 15:03:30,991 - ERROR - Task exception was never retrieved
future: <Task finished name='Task-898' coro=<Connection.run() done, defined at C:\Users\Sthak\AppData\Roaming\Python\Python313\site-packages\playwright\_impl\_connection.py:303> exception=NotImplementedError()>
Traceback (most recent call last):
  File "C:\Users\Sthak\AppData\Roaming\Python\Python313\site-packages\playwright\_impl\_connection.py", line 310, in run
    await self._transport.connect()
  File "C:\Users\Sthak\AppData\Roaming\Python\Python313\site-packages\playwright\_impl\_transport.py", line 133, in connect
    raise exc
  File "C:\Users\Sthak\AppData\Roaming\Python\Python313\site-packages\playwright\_impl\_transport.py", line 120, in connect
    self._proc = await asyncio.create_subprocess_exec(
                 ^^^^^^^^^^^^^^^^^^^^^^^^^^^^^^^^^^^^^
    ...<9 lines>...
    )
    ^
  File "C:\Python313\Lib\asyncio\subprocess.py", line 224, in create_subprocess_exec
    transport, protocol = await loop.subprocess_exec(
                          ^^^^^^^^^^^^^^^^^^^^^^^^^^^
    ...<3 lines>...
        stderr=stderr, **kwds)
        ^^^^^^^^^^^^^^^^^^^^^^
  File "C:\Python313\Lib\asyncio\base_events.py", line 1787, in subprocess_exec
    transport = await self._make_subprocess_transport(
                ^^^^^^^^^^^^^^^^^^^^^^^^^^^^^^^^^^^^^^
        protocol, popen_args, False, stdin, stdout, stderr,
        ^^^^^^^^^^^^^^^^^^^^^^^^^^^^^^^^^^^^^^^^^^^^^^^^^^^
        bufsize, **kwargs)
        ^^^^^^^^^^^^^^^^^^
  File "C:\Python313\Lib\asyncio\base_events.py", line 534, in _make_subprocess_transport
    raise NotImplementedError
NotImplementedError
2025-08-06 15:03:30,995 - ERROR - Error initializing browser: 
2025-08-06 15:03:30,996 - ERROR - Error scraping Google Maps: 
2025-08-06 15:03:30,996 - WARNING - No businesses found from googlemaps
2025-08-06 15:03:33,992 - INFO - Scraping completed. Total businesses found: 0
2025-08-06 15:14:27,912 - INFO - Database initialized successfully
2025-08-06 15:14:27,960 - INFO - All scrapers initialized successfully
2025-08-06 15:14:44,505 - INFO - Starting to scrape location: Agra with sources: ['justdial', 'indiamart']
2025-08-06 15:14:44,505 - INFO - Scraping from justdial...
2025-08-06 15:14:44,505 - INFO - Searching JustDial for 'restaurants' in Agra
2025-08-06 15:14:46,244 - INFO - Searching JustDial for 'shops' in Agra
2025-08-06 15:14:47,864 - INFO - JustDial found 6 businesses
2025-08-06 15:15:04,911 - INFO - Scraped 6 businesses from justdial, 6 stored
2025-08-06 15:15:09,538 - INFO - Scraping from indiamart...
2025-08-06 15:15:11,569 - INFO - IndiaMART found 4 businesses
2025-08-06 15:15:19,665 - ERROR - Geocoding error for 'Industrial Area 2, Agra': HTTPSConnectionPool(host='nominatim.openstreetmap.org', port=443): Read timed out. (read timeout=5)
2025-08-06 15:15:28,841 - ERROR - Geocoding error for 'Industrial Area 2, Agra': HTTPSConnectionPool(host='nominatim.openstreetmap.org', port=443): Read timed out. (read timeout=5)
2025-08-06 15:15:28,958 - INFO - Scraped 4 businesses from indiamart, 4 stored
2025-08-06 15:15:32,239 - INFO - Scraping completed. Total businesses found: 10
2025-08-06 15:20:44,164 - INFO - Database initialized successfully
2025-08-06 15:20:44,214 - INFO - All scrapers initialized successfully
2025-08-06 15:20:53,025 - INFO - Database initialized successfully
2025-08-06 15:21:20,363 - INFO - Starting to scrape location: Agra with sources: ['justdial', 'indiamart']
2025-08-06 15:21:20,364 - INFO - Scraping from justdial...
2025-08-06 15:21:20,364 - INFO - Searching JustDial for 'restaurants' in Agra
2025-08-06 15:21:22,033 - INFO - Searching JustDial for 'shops' in Agra
2025-08-06 15:21:23,999 - INFO - JustDial found 6 businesses
2025-08-06 15:21:37,375 - INFO - Scraped 6 businesses from justdial, 0 stored
2025-08-06 15:21:40,270 - INFO - Scraping from indiamart...
2025-08-06 15:21:42,298 - INFO - IndiaMART found 4 businesses
2025-08-06 15:21:51,259 - INFO - Scraped 4 businesses from indiamart, 0 stored
2025-08-06 15:21:53,554 - INFO - Scraping completed. Total businesses found: 10
2025-08-06 15:23:41,054 - INFO - Database initialized successfully
2025-08-06 15:39:36,872 - INFO - Database initialized successfully
2025-08-06 15:39:36,922 - INFO - All scrapers initialized successfully
2025-08-06 15:40:34,493 - INFO - Database initialized successfully
2025-08-06 15:40:34,540 - INFO - All scrapers initialized successfully
2025-08-06 15:40:42,206 - INFO - Database initialized successfully
2025-08-06 15:40:42,260 - INFO - All scrapers initialized successfully
2025-08-06 15:40:56,867 - INFO - Starting to scrape location: agra with sources: ['justdial', 'indiamart']
2025-08-06 15:40:56,869 - INFO - Scraping from justdial...
2025-08-06 15:40:56,870 - INFO - Searching JustDial for 'Retail Businesses (E-commerce Setup)' in agra
2025-08-06 15:40:58,622 - INFO - JustDial found 3 businesses
2025-08-06 15:41:04,888 - INFO - Scraped 3 businesses from justdial, 3 stored
2025-08-06 15:41:08,036 - INFO - Scraping from indiamart...
2025-08-06 15:41:09,038 - INFO - IndiaMART found 2 businesses
2025-08-06 15:41:14,425 - INFO - Scraped 2 businesses from indiamart, 2 stored
2025-08-06 15:41:17,923 - INFO - Scraping completed. Total businesses found: 5
2025-08-06 15:49:16,687 - INFO - Database initialized successfully
2025-08-06 15:49:16,747 - INFO - All scrapers initialized successfully
2025-08-06 15:53:53,291 - INFO - Starting to scrape location: Agra with sources: ['justdial', 'indiamart']
2025-08-06 15:53:53,291 - INFO - Scraping from justdial...
2025-08-06 15:53:53,292 - INFO - Searching JustDial for 'Professional Services (CRM/Software)' in Agra
2025-08-06 15:53:54,882 - INFO - JustDial found 3 businesses
2025-08-06 15:54:00,488 - ERROR - Geocoding error for '1 Main Street, Agra': HTTPSConnectionPool(host='nominatim.openstreetmap.org', port=443): Read timed out. (read timeout=5)
2025-08-06 15:54:05,994 - ERROR - Geocoding error for '2 Main Street, Agra': HTTPSConnectionPool(host='nominatim.openstreetmap.org', port=443): Read timed out. (read timeout=5)
2025-08-06 15:54:10,549 - INFO - Scraped 3 businesses from justdial, 3 stored
2025-08-06 15:54:13,669 - INFO - Scraping from indiamart...
2025-08-06 15:54:14,682 - INFO - IndiaMART found 2 businesses
2025-08-06 15:54:24,317 - ERROR - Geocoding error for 'Industrial Area 2, Agra': HTTPSConnectionPool(host='nominatim.openstreetmap.org', port=443): Read timed out. (read timeout=5)
2025-08-06 15:54:24,435 - INFO - Scraped 2 businesses from indiamart, 2 stored
2025-08-06 15:54:28,071 - INFO - Scraping completed. Total businesses found: 5
2025-08-06 15:54:42,852 - INFO - Database initialized successfully
2025-08-06 15:55:48,003 - INFO - Database initialized successfully
2025-08-06 15:55:48,058 - INFO - All scrapers initialized successfully
2025-08-06 15:55:59,117 - INFO - Database initialized successfully
2025-08-06 15:55:59,206 - INFO - All scrapers initialized successfully
2025-08-06 15:59:27,831 - INFO - Starting to scrape location: India with sources: ['justdial', 'indiamart']
2025-08-06 15:59:27,832 - INFO - Scraping from justdial...
2025-08-06 15:59:27,833 - INFO - Searching JustDial for 'restaurants' in India
2025-08-06 15:59:29,054 - INFO - Searching JustDial for 'shops' in India
2025-08-06 15:59:30,288 - INFO - JustDial found 6 businesses
2025-08-06 15:59:44,024 - ERROR - Geocoding error for '3 Main Street, India': HTTPSConnectionPool(host='nominatim.openstreetmap.org', port=443): Read timed out. (read timeout=5)
2025-08-06 15:59:55,184 - INFO - Scraped 6 businesses from justdial, 6 stored
2025-08-06 15:59:58,119 - INFO - Scraping from indiamart...
2025-08-06 16:00:00,135 - INFO - IndiaMART found 4 businesses
2025-08-06 16:00:08,633 - INFO - Scraped 4 businesses from indiamart, 4 stored
2025-08-06 16:00:12,753 - INFO - Scraping completed. Total businesses found: 10
2025-08-06 16:02:22,632 - INFO - Database initialized successfully
2025-08-06 16:02:22,682 - INFO - All scrapers initialized successfully
2025-08-06 16:02:40,126 - INFO - Database initialized successfully
2025-08-06 16:02:40,194 - INFO - All scrapers initialized successfully
2025-08-06 16:02:56,582 - INFO - Starting to scrape location: Agra with sources: ['justdial', 'indiamart']
2025-08-06 16:02:56,582 - INFO - Scraping from justdial...
2025-08-06 16:02:56,583 - INFO - Searching JustDial for 'restaurants' in Agra
2025-08-06 16:02:58,235 - INFO - Searching JustDial for 'shops' in Agra
2025-08-06 16:02:59,624 - INFO - JustDial found 6 businesses
2025-08-06 16:03:10,896 - INFO - Scraped 6 businesses from justdial, 6 stored
2025-08-06 16:03:13,616 - INFO - Scraping from indiamart...
2025-08-06 16:03:15,633 - INFO - IndiaMART found 4 businesses
2025-08-06 16:03:24,571 - INFO - Scraped 4 businesses from indiamart, 4 stored
2025-08-06 16:03:27,892 - INFO - Scraping completed. Total businesses found: 10
2025-08-06 16:10:38,492 - INFO - Database initialized successfully
2025-08-06 16:10:38,608 - INFO - All scrapers initialized successfully
2025-08-06 16:10:56,935 - INFO - Database initialized successfully
2025-08-06 16:10:57,007 - INFO - All scrapers initialized successfully
2025-08-06 16:10:58,424 - INFO - Starting to scrape location: Agra with sources: ['indiamart', 'yellowpages', 'googlemaps', 'it_clients']
2025-08-06 16:10:58,425 - INFO - Scraping from indiamart...
2025-08-06 16:11:00,443 - INFO - IndiaMART found 4 businesses
2025-08-06 16:11:09,058 - INFO - Scraped 4 businesses from indiamart, 4 stored
2025-08-06 16:11:13,808 - INFO - Scraping from yellowpages...
2025-08-06 16:11:13,808 - INFO - Yellow Pages search for '' in Agra (using sample data)
2025-08-06 16:11:14,811 - INFO - Yellow Pages found 2 businesses
2025-08-06 16:11:17,900 - INFO - Scraped 2 businesses from yellowpages, 2 stored
2025-08-06 16:11:22,335 - INFO - Scraping from googlemaps...
2025-08-06 16:11:22,335 - INFO - Google Maps search for '' in Agra
2025-08-06 16:11:23,348 - INFO - Google Maps found 6 businesses
2025-08-06 16:11:35,295 - INFO - Scraped 6 businesses from googlemaps, 6 stored
2025-08-06 16:11:40,055 - INFO - Scraping from it_clients...
2025-08-06 16:11:40,056 - INFO - Targeting 'restaurants' businesses for IT services in Agra
2025-08-06 16:11:40,615 - INFO - Targeting 'retail_shops' businesses for IT services in Agra
2025-08-06 16:11:41,145 - INFO - Targeting 'medical_clinics' businesses for IT services in Agra
2025-08-06 16:11:42,110 - INFO - Targeting 'educational_institutes' businesses for IT services in Agra
2025-08-06 16:11:42,839 - INFO - Targeting 'real_estate' businesses for IT services in Agra
2025-08-06 16:11:43,511 - INFO - Targeting 'manufacturing' businesses for IT services in Agra
2025-08-06 16:11:44,182 - INFO - Targeting 'accounting_firms' businesses for IT services in Agra
2025-08-06 16:11:44,804 - INFO - Targeting 'law_firms' businesses for IT services in Agra
2025-08-06 16:11:45,347 - INFO - Targeting 'beauty_salons' businesses for IT services in Agra
2025-08-06 16:11:46,107 - INFO - Targeting 'fitness_centers' businesses for IT services in Agra
2025-08-06 16:11:46,745 - INFO - Targeting 'automobile_dealers' businesses for IT services in Agra
2025-08-06 16:11:47,680 - INFO - Targeting 'hotels' businesses for IT services in Agra
2025-08-06 16:11:48,472 - INFO - Found 24 potential IT service clients in Agra
2025-08-06 16:12:19,901 - INFO - Scraped 24 businesses from it_clients, 24 stored
2025-08-06 16:12:24,070 - INFO - Scraping completed. Total businesses found: 36
2025-08-09 10:18:34,429 - INFO - Database initialized successfully
2025-08-09 10:18:34,587 - INFO - All scrapers initialized successfully
2025-08-09 10:19:05,894 - INFO - Starting to scrape location: Agra with sources: ['googlemaps']
2025-08-09 10:19:05,895 - INFO - Scraping from googlemaps...
2025-08-09 10:19:05,896 - INFO - Google Maps search for 'Educational Institutes (Tech Upgrade)' in Agra
2025-08-09 10:19:06,898 - INFO - Google Maps found 5 businesses
2025-08-09 10:19:27,047 - ERROR - Geocoding error for '13 Main Road, Agra, India': HTTPSConnectionPool(host='nominatim.openstreetmap.org', port=443): Read timed out. (read timeout=5)
2025-08-09 10:19:30,946 - INFO - Scraped 5 businesses from googlemaps, 5 stored
2025-08-09 10:19:33,014 - INFO - Scraping completed. Total businesses found: 5
2025-08-09 10:47:29,309 - INFO - Database initialized successfully
2025-08-09 10:47:29,401 - INFO - All scrapers initialized successfully
